
Showing logs for build [32mmasky0127-jenkinsxquick-pr-4-se-k7cch-1[0m stage [32mfrom-build-pack[0m and container [32mcredential-initializer[0m
{"level":"info","ts":1606285022.9514625,"caller":"creds-init/main.go:44","msg":"Credentials initialized."}

Showing logs for build [32mmasky0127-jenkinsxquick-pr-4-se-k7cch-1[0m stage [32mfrom-build-pack[0m and container [32mworking-dir-initializer[0m

Showing logs for build [32mmasky0127-jenkinsxquick-pr-4-se-k7cch-1[0m stage [32mfrom-build-pack[0m and container [32mplace-tools[0m

Showing logs for build [32mmasky0127-jenkinsxquick-pr-4-se-k7cch-1[0m stage [32mfrom-build-pack[0m and container [32mstep-git-source-masky0127-jenkinsxquick-pr-4-se-k7cch-9nd4z[0m
{"level":"info","ts":1606285032.0692542,"caller":"git/git.go:105","msg":"Successfully cloned https://github.com/*****0127/jenkinsXQuick.git @ master in path /workspace/source"}
{"level":"warn","ts":1606285032.0693657,"caller":"git/git.go:152","msg":"Unexpected error: creating symlink: symlink /tekton/home/.ssh /root/.ssh: file exists"}
{"level":"info","ts":1606285032.1084588,"caller":"git/git.go:133","msg":"Successfully initialized and updated submodules in path /workspace/source"}

Showing logs for build [32mmasky0127-jenkinsxquick-pr-4-se-k7cch-1[0m stage [32mfrom-build-pack[0m and container [32mstep-setup-builder-home[0m

Showing logs for build [32mmasky0127-jenkinsxquick-pr-4-se-k7cch-1[0m stage [32mfrom-build-pack[0m and container [32mstep-git-merge[0m
Using SHAs from PULL_REFS=master:bde45ceb26adef505d61a8d5073e7bd598b08dd5,4:255ad3b3397e2a40899bdef7401d188211f1fb19
DEBUG: LC_ALL=C JX_LOG_LEVEL=error git fetch origin --unshallow 255ad3b3397e2a40899bdef7401d188211f1fb19: bde45ceb26adef505d61a8d5073e7bd598b08dd5:
DEBUG: ran git fetch --unshallow origin 255ad3b3397e2a40899bdef7401d188211f1fb19: bde45ceb26adef505d61a8d5073e7bd598b08dd5: in 
DEBUG: JX_LOG_LEVEL=error LC_ALL=C git branch
DEBUG: LC_ALL=C JX_LOG_LEVEL=error git checkout master
DEBUG: ran git checkout master in 
DEBUG: LC_ALL=C JX_LOG_LEVEL=error git reset --hard bde45ceb26adef505d61a8d5073e7bd598b08dd5
DEBUG: ran git reset --hard bde45ceb26adef505d61a8d5073e7bd598b08dd5 in 
DEBUG: LC_ALL=C JX_LOG_LEVEL=error git clean -fd .
DEBUG: ran clean --force -d . in 
DEBUG: LC_ALL=C JX_LOG_LEVEL=error git merge 255ad3b3397e2a40899bdef7401d188211f1fb19
DEBUG: ran git merge 255ad3b3397e2a40899bdef7401d188211f1fb19 in 
DEBUG: LC_ALL=C JX_LOG_LEVEL=error git log --format=%H%x1f%an%x1f%ae%x1f%cn%x1f%ce%x1f%s%n%b%x1e bde45ceb26adef505d61a8d5073e7bd598b08dd5..HEAD
Merged SHA 955c79e69809317a4752bc6eef35a0dd28aefc4a with commit message 'Merge commit '255ad3b3397e2a40899bdef7401d188211f1fb19'' into base branch master
Merged SHA 255ad3b3397e2a40899bdef7401d188211f1fb19 with commit message 'Update app.py' into base branch master

Showing logs for build [32mmasky0127-jenkinsxquick-pr-4-se-k7cch-1[0m stage [32mfrom-build-pack[0m and container [32mstep-build-python-unittest[0m

----------------------------------------------------------------------
Ran 0 tests in 0.000s

OK

Showing logs for build [32mmasky0127-jenkinsxquick-pr-4-se-k7cch-1[0m stage [32mfrom-build-pack[0m and container [32mstep-build-container-build[0m
E1125 06:17:15.322678      10 aws_credentials.go:77] while getting AWS credentials NoCredentialProviders: no valid providers in chain. Deprecated.
	For verbose messaging see aws.Config.CredentialsChainVerboseErrors
[36mINFO[0m[0000] Using dockerignore file: /workspace/source/.dockerignore 
[36mINFO[0m[0000] Retrieving image manifest python:onbuild     
[36mINFO[0m[0001] Retrieving image manifest python:onbuild     
[36mINFO[0m[0002] Built cross stage deps: map[]                
[36mINFO[0m[0002] Retrieving image manifest python:onbuild     
[36mINFO[0m[0002] Retrieving image manifest python:onbuild     
[36mINFO[0m[0003] Executing 3 build triggers                   
[36mINFO[0m[0003] Checking for cached layer JenkinsCluster.azurecr.io/todo/cache:4603157fb951c8b4502529c64ddc571c85e381ce4686ea05728e14a56a118e66... 
[36mINFO[0m[0004] Using caching version of cmd: COPY requirements.txt /usr/src/app/ 
[36mINFO[0m[0004] Checking for cached layer JenkinsCluster.azurecr.io/todo/cache:26208b704f381cfc1f456d1b1b9697de2e61930f2b836f1a4480488b7e191354... 
[36mINFO[0m[0005] Using caching version of cmd: RUN pip install --no-cache-dir -r requirements.txt 
[36mINFO[0m[0005] Checking for cached layer JenkinsCluster.azurecr.io/todo/cache:10b7dcbb5d1fec3ce33d527e484e151f3d72ebc744d69fad7d11a0a5135bc198... 
[36mINFO[0m[0006] No cached layer found for cmd COPY . /usr/src/app 
[36mINFO[0m[0006] cmd: EXPOSE                                  
[36mINFO[0m[0006] Adding exposed port: 8080/tcp                
[36mINFO[0m[0006] Unpacking rootfs as cmd COPY . /usr/src/app requires it. 
[36mINFO[0m[0020] COPY requirements.txt /usr/src/app/          
[36mINFO[0m[0020] Found cached layer, extracting to filesystem 
[36mINFO[0m[0020] RUN pip install --no-cache-dir -r requirements.txt 
[36mINFO[0m[0020] Found cached layer, extracting to filesystem 
[36mINFO[0m[0021] COPY . /usr/src/app                          
[36mINFO[0m[0021] Resolving 196 paths                          
[36mINFO[0m[0021] Taking snapshot of files...                  
[36mINFO[0m[0021] Pushing layer JenkinsCluster.azurecr.io/todo/cache:10b7dcbb5d1fec3ce33d527e484e151f3d72ebc744d69fad7d11a0a5135bc198 to cache now 
[36mINFO[0m[0021] COPY requirements.txt .                      
[36mINFO[0m[0022] Resolving 1 paths                            
[36mINFO[0m[0022] Taking snapshot of files...                  
[36mINFO[0m[0022] ENV PORT 8080                                
[36mINFO[0m[0022] No files changed in this command, skipping snapshotting. 
[36mINFO[0m[0022] EXPOSE 8080                                  
[36mINFO[0m[0022] cmd: EXPOSE                                  
[36mINFO[0m[0022] Adding exposed port: 8080/tcp                
[36mINFO[0m[0022] No files changed in this command, skipping snapshotting. 
[36mINFO[0m[0022] ENTRYPOINT ["python"]                        
[36mINFO[0m[0022] No files changed in this command, skipping snapshotting. 
[36mINFO[0m[0022] CMD ["app.py"]                               
[36mINFO[0m[0022] No files changed in this command, skipping snapshotting. 
[36mINFO[0m[0022] Pushing layer JenkinsCluster.azurecr.io/todo/cache:826a9f87f263d1bc662062d51d5e5b462971c0ae005bac30b4133ba7707cbe2c to cache now 

Showing logs for build [32mmasky0127-jenkinsxquick-pr-4-se-k7cch-1[0m stage [32mfrom-build-pack[0m and container [32mstep-postbuild-post-build[0m
no CVE provider running in the current ** namespace so skip adding image to be analysed

Showing logs for build [32mmasky0127-jenkinsxquick-pr-4-se-k7cch-1[0m stage [32mfrom-build-pack[0m and container [32mstep-promote-make-preview[0m
sed -i -e "s/version:.*/version: 0.0.0-SNAPSHOT-PR-4-1/" Chart.yaml
sed -i -e "s/version:.*/version: 0.0.0-SNAPSHOT-PR-4-1/" ../*/Chart.yaml
sed -i -e "s|repository:.*|repository: JenkinsCluster.azurecr.io\/*****0127\/jenkinsxquick|" values.yaml
sed -i -e "s/tag:.*/tag: 0.0.0-SNAPSHOT-PR-4-1/" values.yaml
echo "  version: 0.0.0-SNAPSHOT-PR-4-1" >> requirements.yaml
** step helm build
WARNING: No $CHART_REPOSITORY defined so using the default value of: http://jenkins-x-chartmuseum:8080
Adding missing Helm repo: storage.googleapis.com https://storage.googleapis.com/chartmuseum.jenkins-x.io
Successfully added Helm repository storage.googleapis.com.
Adding missing Helm repo: jenkins-x-chartmuseum http://jenkins-x-chartmuseum:8080
Successfully added Helm repository jenkins-x-chartmuseum.
WARNING: No $CHART_REPOSITORY defined so using the default value of: http://jenkins-x-chartmuseum:8080
Adding missing Helm repo: chartmuseum.jenkins-x.io http://chartmuseum.jenkins-x.io
Successfully added Helm repository chartmuseum.jenkins-x.io.

Showing logs for build [32mmasky0127-jenkinsxquick-pr-4-se-k7cch-1[0m stage [32mfrom-build-pack[0m and container [32mstep-promote-jx-preview[0m
Creating a preview
Found commit author match for: *****0127 with email address: 57348461+*****0127@users.noreply.github.com
Created environment *****0127-jenkinsxquick-pr-4
Namespace **-*****0127-jenkinsxquick-pr-4 created 
expose:
  Annotations:
    helm.sh/hook: post-install,post-upgrade
    helm.sh/hook-delete-policy: hook-succeeded
  config:
    domain: 52.154.41.162.nip.io
    exposer: Ingress
    http: "true"
preview:
  image:
    repository: JenkinsCluster.azurecr.io/*****0127/jenkinsXQuick
    tag: 0.0.0-SNAPSHOT-PR-4-1
Cloning the Jenkins X versions repo https://github.com/jenkins-x/jenkins-x-versions.git with ref refs/heads/master to /tekton/home/.**/jenkins-x-versions

Updating PipelineActivities *****0127-jenkinsxquick-pr-4-1 which has status Running
Preview application is now available at: http://jenkinsxquick.**-*****0127-jenkinsxquick-pr-4.52.154.41.162.nip.io
